<?xml version="1.0" encoding="UTF-8"?>
<!-- Generated by org.testng.reporters.JUnitReportReporter -->
<testsuite skipped="0" hostname="LAPTOP-RRO4KGR3" name="com.qtpselenium.march2020.suitea.x" tests="3" failures="0" timestamp="14 Mar 2020 09:35:43 GMT" time="0.010" errors="0">
  <testcase name="doLogin" time="0.007" classname="com.qtpselenium.march2020.suitea.x"/>
  <testcase name="doLogin" time="0.001" classname="com.qtpselenium.march2020.suitea.x"/>
  <testcase name="doLogin" time="0.002" classname="com.qtpselenium.march2020.suitea.x"/>
</testsuite> <!-- com.qtpselenium.march2020.suitea.x -->
