<?xml version="1.0" encoding="UTF-8"?>
<!-- Generated by org.testng.reporters.JUnitReportReporter -->
<testsuite skipped="0" hostname="LAPTOP-RRO4KGR3" name="com.qtpselenium.march2020.suita.login" tests="1" failures="0" timestamp="14 Mar 2020 08:13:22 GMT" time="0.009" errors="0">
  <testcase name="test" time="0.009" classname="com.qtpselenium.march2020.suita.login"/>
</testsuite> <!-- com.qtpselenium.march2020.suita.login -->
