<?xml version="1.0" encoding="UTF-8"?>
<!-- Generated by org.testng.reporters.JUnitReportReporter -->
<testsuite skipped="0" hostname="LAPTOP-RRO4KGR3" name="com.qtpselenium.march2020.F" tests="1" failures="0" timestamp="14 Mar 2020 08:07:57 GMT" time="0.007" errors="0">
  <testcase name="test" time="0.007" classname="com.qtpselenium.march2020.F"/>
</testsuite> <!-- com.qtpselenium.march2020.F -->
