<?xml version="1.0" encoding="UTF-8"?>
<!-- Generated by org.testng.reporters.JUnitReportReporter -->
<testsuite skipped="0" hostname="LAPTOP-RRO4KGR3" name="com.qtpselenium.march2020.suita.loginTest" tests="1" failures="0" timestamp="14 Mar 2020 09:08:15 GMT" time="0.004" errors="0">
  <testcase name="doLogin" time="0.004" classname="com.qtpselenium.march2020.suita.loginTest"/>
</testsuite> <!-- com.qtpselenium.march2020.suita.loginTest -->
