<?xml version="1.0" encoding="UTF-8"?>
<!-- Generated by org.testng.reporters.JUnitReportReporter -->
<testsuite skipped="0" hostname="LAPTOP-RRO4KGR3" name="com.qtpselenium.march2020.loginTest" tests="1" failures="0" timestamp="14 Mar 2020 08:00:19 GMT" time="0.008" errors="0">
  <testcase name="doLogin" time="0.008" classname="com.qtpselenium.march2020.loginTest"/>
</testsuite> <!-- com.qtpselenium.march2020.loginTest -->
